Flattening unmatched subcell transmission_gate in circuit switch_5t (0)(2 instances)
Flattening unmatched subcell switch_5t in circuit a_mux4_en (0)(4 instances)
Flattening unmatched subcell sky130_fd_sc_hd__inv_1 in circuit a_mux4_en (0)(7 instances)
Flattening unmatched subcell sky130_fd_sc_hd__nand2_1 in circuit a_mux4_en (0)(4 instances)
Flattening unmatched subcell transmission_gate in circuit a_mux4_en (0)(4 instances)
Warning: Equate pins:  cell sky130_fd_pr__nfet_01v8 has no definition, treated as a black box.
Warning: Equate pins:  cell sky130_fd_pr__nfet_01v8 has no definition, treated as a black box.

Subcircuit pins:
Circuit 1: sky130_fd_pr__nfet_01v8         |Circuit 2: sky130_fd_pr__nfet_01v8         
-------------------------------------------|-------------------------------------------
1                                          |1                                          
2                                          |2                                          
3                                          |3                                          
4                                          |4                                          
---------------------------------------------------------------------------------------
Cell pin lists are equivalent.
Device classes sky130_fd_pr__nfet_01v8 and sky130_fd_pr__nfet_01v8 are equivalent.
Warning: Equate pins:  cell sky130_fd_pr__pfet_01v8 has no definition, treated as a black box.
Warning: Equate pins:  cell sky130_fd_pr__pfet_01v8 has no definition, treated as a black box.

Subcircuit pins:
Circuit 1: sky130_fd_pr__pfet_01v8         |Circuit 2: sky130_fd_pr__pfet_01v8         
-------------------------------------------|-------------------------------------------
1                                          |1                                          
2                                          |2                                          
3                                          |3                                          
4                                          |4                                          
---------------------------------------------------------------------------------------
Cell pin lists are equivalent.
Device classes sky130_fd_pr__pfet_01v8 and sky130_fd_pr__pfet_01v8 are equivalent.
Warning: Equate pins:  cell sky130_fd_pr__pfet_01v8_hvt has no definition, treated as a black box.
Warning: Equate pins:  cell sky130_fd_pr__pfet_01v8_hvt has no definition, treated as a black box.

Subcircuit pins:
Circuit 1: sky130_fd_pr__pfet_01v8_hvt     |Circuit 2: sky130_fd_pr__pfet_01v8_hvt     
-------------------------------------------|-------------------------------------------
1                                          |1                                          
2                                          |2                                          
3                                          |3                                          
4                                          |4                                          
---------------------------------------------------------------------------------------
Cell pin lists are equivalent.
Device classes sky130_fd_pr__pfet_01v8_hvt and sky130_fd_pr__pfet_01v8_hvt are equivalent.
Class a_mux4_en_flat:  Merged 216 devices.

Subcircuit summary:
Circuit 1: a_mux4_en                       |Circuit 2: a_mux4_en_flat                  
-------------------------------------------|-------------------------------------------
sky130_fd_pr__nfet_01v8 (31)               |sky130_fd_pr__nfet_01v8 (31)               
sky130_fd_pr__pfet_01v8 (12)               |sky130_fd_pr__pfet_01v8 (12)               
sky130_fd_pr__pfet_01v8_hvt (15)           |sky130_fd_pr__pfet_01v8_hvt (15)           
Number of devices: 58                      |Number of devices: 58                      
Number of nets: 33                         |Number of nets: 33                         
---------------------------------------------------------------------------------------
Circuits match uniquely.
Netlists match uniquely.

Subcircuit pins:
Circuit 1: a_mux4_en                       |Circuit 2: a_mux4_en_flat                  
-------------------------------------------|-------------------------------------------
in3                                        |in3                                        
in2                                        |in2                                        
in1                                        |in1                                        
in0                                        |in0                                        
en                                         |en                                         
s0                                         |s0                                         
s1                                         |s1                                         
VSS                                        |VSS                                        
VDD                                        |VDD                                        
out                                        |out                                        
---------------------------------------------------------------------------------------
Cell pin lists are equivalent.
Device classes a_mux4_en and a_mux4_en_flat are equivalent.
Circuits match uniquely.
