Flattening unmatched subcell transmission_gate in circuit sc_cmfb (0)(12 instances)
Warning: Equate pins:  cell sky130_fd_pr__nfet_01v8 has no definition, treated as a black box.
Warning: Equate pins:  cell sky130_fd_pr__nfet_01v8 has no definition, treated as a black box.

Subcircuit pins:
Circuit 1: sky130_fd_pr__nfet_01v8         |Circuit 2: sky130_fd_pr__nfet_01v8         
-------------------------------------------|-------------------------------------------
1                                          |1                                          
2                                          |2                                          
3                                          |3                                          
4                                          |4                                          
---------------------------------------------------------------------------------------
Cell pin lists are equivalent.
Device classes sky130_fd_pr__nfet_01v8 and sky130_fd_pr__nfet_01v8 are equivalent.
Warning: Equate pins:  cell sky130_fd_pr__pfet_01v8 has no definition, treated as a black box.
Warning: Equate pins:  cell sky130_fd_pr__pfet_01v8 has no definition, treated as a black box.

Subcircuit pins:
Circuit 1: sky130_fd_pr__pfet_01v8         |Circuit 2: sky130_fd_pr__pfet_01v8         
-------------------------------------------|-------------------------------------------
1                                          |1                                          
2                                          |2                                          
3                                          |3                                          
4                                          |4                                          
---------------------------------------------------------------------------------------
Cell pin lists are equivalent.
Device classes sky130_fd_pr__pfet_01v8 and sky130_fd_pr__pfet_01v8 are equivalent.
Warning: Equate pins:  cell sky130_fd_pr__cap_mim_m3_1 has no definition, treated as a black box.
Warning: Equate pins:  cell sky130_fd_pr__cap_mim_m3_1 has no definition, treated as a black box.

Subcircuit pins:
Circuit 1: sky130_fd_pr__cap_mim_m3_1      |Circuit 2: sky130_fd_pr__cap_mim_m3_1      
-------------------------------------------|-------------------------------------------
1                                          |1                                          
2                                          |2                                          
---------------------------------------------------------------------------------------
Cell pin lists are equivalent.
Device classes sky130_fd_pr__cap_mim_m3_1 and sky130_fd_pr__cap_mim_m3_1 are equivalent.
Class sc_cmfb_flat:  Merged 245 devices.

Subcircuit summary:
Circuit 1: sc_cmfb                         |Circuit 2: sc_cmfb_flat                    
-------------------------------------------|-------------------------------------------
sky130_fd_pr__cap_mim_m3_1 (7)             |sky130_fd_pr__cap_mim_m3_1 (7)             
sky130_fd_pr__nfet_01v8 (12)               |sky130_fd_pr__nfet_01v8 (12)               
sky130_fd_pr__pfet_01v8 (12)               |sky130_fd_pr__pfet_01v8 (12)               
Number of devices: 31                      |Number of devices: 31                      
Number of nets: 19                         |Number of nets: 19                         
---------------------------------------------------------------------------------------
Resolving automorphisms by property value.
Resolving automorphisms by pin name.
Netlists match with 19 symmetries.
Circuits match correctly.

Subcircuit pins:
Circuit 1: sc_cmfb                         |Circuit 2: sc_cmfb_flat                    
-------------------------------------------|-------------------------------------------
bias_a                                     |bias_a                                     
cm                                         |cm                                         
VSS                                        |VSS                                        
VDD                                        |VDD                                        
cmc                                        |cmc                                        
phi1_b                                     |p2_b **Mismatch**                          
phi2_b                                     |p1_b **Mismatch**                          
phi1                                       |p2 **Mismatch**                            
phi2                                       |p1 **Mismatch**                            
op                                         |op                                         
on                                         |on                                         
---------------------------------------------------------------------------------------
Cell pin lists are equivalent.
Device classes sc_cmfb and sc_cmfb_flat are equivalent.
Circuits match uniquely.
